{
  "RSpec": {
    "coverage": {
      "/Users/dd/Documents/codebreaker-web/spec/racker_spec.rb": [
        null,
        null,
        1,
        null,
        1,
        16,
        9,
        16,
        1,
        null,
        1,
        15,
        15,
        null,
        null,
        16,
        null,
        1,
        1,
        3,
        null,
        1,
        1,
        null,
        null,
        2,
        null,
        null,
        1,
        2,
        null,
        1,
        1,
        null,
        null,
        null,
        1,
        3,
        null,
        1,
        1,
        null,
        null,
        2,
        null,
        null,
        1,
        1,
        2,
        2,
        null,
        null,
        2,
        2,
        null,
        null,
        null,
        1,
        1,
        1,
        1,
        1,
        null,
        null,
        1,
        1,
        1,
        1,
        null,
        null,
        null,
        1,
        1,
        6,
        6,
        6,
        null,
        null,
        1,
        1,
        1,
        null,
        null,
        1,
        1,
        null,
        null,
        null,
        1,
        2,
        2,
        null,
        null,
        1,
        2,
        2,
        null,
        null,
        null,
        null,
        1,
        1,
        1,
        1,
        null,
        null,
        1,
        1,
        1,
        null,
        null,
        null
      ]
    },
    "timestamp": 1546593278
  }
}
